   Compiling mic-mute-rs v0.1.0 (C:\Users\papop\Documents\MicMute-RS-Tauri)
    Finished `dev` profile [unoptimized + debuginfo] target(s) in 10.00s
     Running `target\debug\mic-mute-rs.exe`
[DEBUG] AudioClient started for metering
[DEBUG] get_state called, peak=0.0046
[DEBUG] get_state called, peak=0.0046
[DEBUG] get_state called, peak=0.0046
[DEBUG] get_state called, peak=0.0046
[DEBUG] get_state called, peak=0.0046
[DEBUG] get_state called, peak=0.0046
[DEBUG] get_state called, peak=0.0046
[DEBUG] get_state called, peak=0.0035
[DEBUG] get_state called, peak=0.0159
[DEBUG] get_state called, peak=0.0137
[DEBUG] get_state called, peak=0.0118
[DEBUG] get_state called, peak=0.0078
[DEBUG] get_state called, peak=0.0049
[DEBUG] get_state called, peak=0.0166
[DEBUG] get_state called, peak=0.0306
[DEBUG] get_state called, peak=0.0193
[DEBUG] get_state called, peak=0.0068
[DEBUG] get_state called, peak=0.1066
[DEBUG] get_state called, peak=0.0202
[DEBUG] get_state called, peak=0.7377
[DEBUG] get_state called, peak=1.0000
[DEBUG] get_state called, peak=1.0000
[DEBUG] get_state called, peak=1.0000
[DEBUG] get_state called, peak=1.0000
[DEBUG] get_state called, peak=1.0000
[DEBUG] get_state called, peak=1.0000
[DEBUG] get_state called, peak=1.0000
[DEBUG] get_config called, show_vu=true
[DEBUG] get_state called, peak=1.0000
[DEBUG] get_state called, peak=0.4288
[DEBUG] get_state called, peak=0.0666
[DEBUG] get_state called, peak=0.0369
[DEBUG] get_state called, peak=1.0000
[DEBUG] get_state called, peak=1.0000
[DEBUG] get_state called, peak=1.0000
[DEBUG] get_state called, peak=1.0000
[DEBUG] get_state called, peak=1.0000
[DEBUG] get_state called, peak=1.0000
[DEBUG] get_state called, peak=1.0000
[DEBUG] get_state called, peak=1.0000
[DEBUG] get_state called, peak=1.0000
[DEBUG] get_state called, peak=0.3098
[DEBUG] get_state called, peak=0.1007
[DEBUG] get_state called, peak=0.0293
[DEBUG] get_state called, peak=0.0157
[DEBUG] get_state called, peak=1.0000
[DEBUG] get_state called, peak=1.0000
[DEBUG] get_state called, peak=1.0000
[DEBUG] get_config called, show_vu=true
[DEBUG] get_state called, peak=1.0000
[DEBUG] get_state called, peak=1.0000
[DEBUG] get_state called, peak=0.6734
[DEBUG] get_state called, peak=0.4595
[DEBUG] get_state called, peak=1.0000
[DEBUG] get_state called, peak=0.9901
[DEBUG] get_state called, peak=0.6784
[DEBUG] get_state called, peak=0.9645
[DEBUG] get_state called, peak=0.9996
[DEBUG] get_state called, peak=0.9572
[DEBUG] get_state called, peak=0.9572
[DEBUG] get_state called, peak=0.3494
[DEBUG] get_state called, peak=0.0175
[DEBUG] get_state called, peak=0.0156
[DEBUG] get_state called, peak=0.0154
[DEBUG] get_state called, peak=0.0152
[DEBUG] get_state called, peak=0.0140
[DEBUG] get_state called, peak=0.1653
[DEBUG] get_state called, peak=0.5278
[DEBUG] get_state called, peak=0.8739
[DEBUG] get_config called, show_vu=true
[DEBUG] get_state called, peak=1.0000
[DEBUG] get_state called, peak=0.9569
[DEBUG] get_state called, peak=0.9754
[DEBUG] get_state called, peak=1.0000
[DEBUG] get_state called, peak=1.0000
[DEBUG] get_state called, peak=1.0000
[DEBUG] get_state called, peak=1.0000
[DEBUG] get_state called, peak=1.0000
[DEBUG] get_state called, peak=1.0000
[DEBUG] get_state called, peak=1.0000
[DEBUG] get_state called, peak=1.0000
[DEBUG] get_state called, peak=1.0000
[DEBUG] get_state called, peak=1.0000
[DEBUG] get_state called, peak=1.0000
[DEBUG] get_state called, peak=0.0458
[DEBUG] get_state called, peak=0.0085
[DEBUG] get_state called, peak=0.0057
[DEBUG] get_state called, peak=0.0061
[DEBUG] get_state called, peak=0.0069
[DEBUG] get_state called, peak=0.0094
[DEBUG] get_config called, show_vu=true
[DEBUG] get_state called, peak=0.0060
[DEBUG] get_state called, peak=0.0056
[DEBUG] get_state called, peak=0.0053
[DEBUG] get_state called, peak=0.0064
[DEBUG] get_state called, peak=0.0051
[DEBUG] get_state called, peak=0.0055
[DEBUG] get_state called, peak=0.0061
[DEBUG] get_state called, peak=0.4588
[DEBUG] get_state called, peak=1.0000
[DEBUG] get_state called, peak=1.0000
[DEBUG] get_state called, peak=1.0000
[DEBUG] get_state called, peak=1.0000
[DEBUG] get_state called, peak=1.0000
[DEBUG] get_state called, peak=1.0000
[DEBUG] get_state called, peak=0.0377
[DEBUG] get_state called, peak=0.0079
[DEBUG] get_state called, peak=0.0052
[DEBUG] get_state called, peak=0.0573
[DEBUG] get_state called, peak=0.0190
[DEBUG] get_state called, peak=0.0051
[DEBUG] get_config called, show_vu=true
[DEBUG] get_state called, peak=0.0108
[DEBUG] get_state called, peak=0.0086
[DEBUG] get_state called, peak=0.0181
[DEBUG] get_state called, peak=0.0046
[DEBUG] get_state called, peak=0.0043
[DEBUG] get_state called, peak=0.0043
[DEBUG] get_state called, peak=0.0048
[DEBUG] get_state called, peak=0.0047
[DEBUG] get_state called, peak=0.0048
[DEBUG] get_state called, peak=0.0045
[DEBUG] get_state called, peak=0.0050
[DEBUG] get_state called, peak=0.0051
[DEBUG] get_state called, peak=0.0054
[DEBUG] get_state called, peak=0.0052
[DEBUG] get_state called, peak=0.0511
[DEBUG] get_state called, peak=0.0110
[DEBUG] get_state called, peak=0.0431
[DEBUG] get_state called, peak=0.0792
[DEBUG] get_state called, peak=0.0453
[DEBUG] get_state called, peak=0.3134
[DEBUG] get_config called, show_vu=true
[DEBUG] get_state called, peak=0.1620
[DEBUG] get_state called, peak=0.1147
[DEBUG] get_state called, peak=0.2044
[DEBUG] get_state called, peak=0.0387
[DEBUG] get_state called, peak=0.1410
[DEBUG] get_state called, peak=0.0648
[DEBUG] get_state called, peak=0.0755
[DEBUG] get_state called, peak=0.0069
[DEBUG] get_state called, peak=0.2965
[DEBUG] get_state called, peak=0.2251
[DEBUG] get_state called, peak=0.3848
[DEBUG] get_state called, peak=0.2694
[DEBUG] get_state called, peak=0.2636
[DEBUG] get_state called, peak=0.1114
[DEBUG] get_state called, peak=0.2924
[DEBUG] get_state called, peak=0.1251
[DEBUG] get_state called, peak=0.0093
[DEBUG] get_state called, peak=0.3620
[DEBUG] get_state called, peak=0.0304
[DEBUG] get_state called, peak=0.2390
[DEBUG] get_config called, show_vu=true
[DEBUG] get_state called, peak=0.2286
[DEBUG] get_state called, peak=0.4075
[DEBUG] get_state called, peak=0.0288
[DEBUG] get_state called, peak=0.0065
[DEBUG] get_state called, peak=0.0770
[DEBUG] get_state called, peak=0.0186
[DEBUG] get_state called, peak=0.0072
[DEBUG] get_state called, peak=0.0471
[DEBUG] get_state called, peak=0.8630
[DEBUG] get_state called, peak=1.0000
[DEBUG] get_state called, peak=1.0000
[DEBUG] get_state called, peak=1.0000
[DEBUG] get_state called, peak=0.3112
[DEBUG] get_state called, peak=0.1583
[DEBUG] get_state called, peak=0.0329
[DEBUG] get_state called, peak=0.0208
[DEBUG] get_state called, peak=0.0082
[DEBUG] get_state called, peak=0.0058
[DEBUG] get_state called, peak=0.0076
[DEBUG] get_state called, peak=0.0071
[DEBUG] get_config called, show_vu=true
[DEBUG] get_state called, peak=0.0065
[DEBUG] get_state called, peak=0.0059
[DEBUG] get_state called, peak=1.0000
[DEBUG] get_state called, peak=1.0000
[DEBUG] get_state called, peak=1.0000
[DEBUG] get_state called, peak=1.0000
[DEBUG] get_state called, peak=1.0000
[DEBUG] get_state called, peak=1.0000
[DEBUG] get_state called, peak=0.3078
[DEBUG] get_state called, peak=0.2553
[DEBUG] get_state called, peak=0.0418
[DEBUG] get_state called, peak=0.0184
[DEBUG] get_state called, peak=0.0079
[DEBUG] get_state called, peak=0.0055
[DEBUG] get_state called, peak=0.0053
[DEBUG] get_state called, peak=1.0000
[DEBUG] get_state called, peak=1.0000
[DEBUG] get_state called, peak=1.0000
[DEBUG] get_state called, peak=1.0000
[DEBUG] get_state called, peak=1.0000
[DEBUG] get_config called, show_vu=true
[DEBUG] get_state called, peak=1.0000
[DEBUG] get_state called, peak=1.0000
[DEBUG] get_state called, peak=1.0000
[DEBUG] get_state called, peak=1.0000
[DEBUG] get_state called, peak=1.0000
[DEBUG] get_state called, peak=1.0000
[DEBUG] get_state called, peak=0.0462
[DEBUG] get_state called, peak=0.0075
[DEBUG] get_state called, peak=0.0075
[DEBUG] get_state called, peak=0.0075
[DEBUG] get_state called, peak=0.0092
[DEBUG] get_state called, peak=0.0117
[DEBUG] get_state called, peak=0.0118
[DEBUG] get_state called, peak=0.0119
[DEBUG] get_state called, peak=0.0791
[DEBUG] get_state called, peak=0.2647
[DEBUG] get_state called, peak=0.7583
[DEBUG] get_state called, peak=1.0000
[DEBUG] get_state called, peak=1.0000
[DEBUG] get_state called, peak=1.0000
[DEBUG] get_config called, show_vu=true
[DEBUG] get_state called, peak=1.0000
[DEBUG] get_state called, peak=1.0000
[DEBUG] get_state called, peak=1.0000
[DEBUG] get_state called, peak=1.0000
[DEBUG] get_state called, peak=1.0000
[DEBUG] get_state called, peak=1.0000
[DEBUG] get_state called, peak=0.4172
[DEBUG] get_state called, peak=0.1592
[DEBUG] get_state called, peak=0.0279
[DEBUG] get_state called, peak=0.0157
[DEBUG] get_state called, peak=0.0123
[DEBUG] get_state called, peak=0.0123
[DEBUG] get_state called, peak=0.0123
[DEBUG] get_state called, peak=1.0000
[DEBUG] get_state called, peak=1.0000
[DEBUG] get_state called, peak=1.0000
[DEBUG] get_state called, peak=1.0000
[DEBUG] get_state called, peak=1.0000
[DEBUG] get_state called, peak=1.0000
[DEBUG] get_state called, peak=1.0000
[DEBUG] get_config called, show_vu=true
[DEBUG] get_state called, peak=1.0000
[DEBUG] get_state called, peak=1.0000
[DEBUG] get_state called, peak=1.0000
[DEBUG] get_state called, peak=0.4948
[DEBUG] get_state called, peak=0.1427
[DEBUG] get_state called, peak=0.0332
[DEBUG] get_state called, peak=0.0243
[DEBUG] get_state called, peak=0.0234
[DEBUG] get_state called, peak=0.0233
[DEBUG] get_state called, peak=0.0303
[DEBUG] get_state called, peak=1.0000
[DEBUG] get_state called, peak=1.0000
[DEBUG] get_state called, peak=1.0000
[DEBUG] get_state called, peak=1.0000
[DEBUG] get_state called, peak=1.0000
[DEBUG] get_state called, peak=1.0000
[DEBUG] get_state called, peak=1.0000
[DEBUG] get_state called, peak=1.0000
[DEBUG] get_state called, peak=1.0000
[DEBUG] get_state called, peak=1.0000
[DEBUG] get_config called, show_vu=true
[DEBUG] get_state called, peak=1.0000
[DEBUG] get_state called, peak=1.0000
[DEBUG] get_state called, peak=0.2412
[DEBUG] get_state called, peak=0.0694
[DEBUG] get_state called, peak=0.0423
[DEBUG] get_state called, peak=0.0369
[DEBUG] get_state called, peak=0.0354
[DEBUG] get_state called, peak=0.0341
[DEBUG] get_state called, peak=0.8052
[DEBUG] get_state called, peak=1.0000
[DEBUG] get_state called, peak=1.0000
[DEBUG] get_state called, peak=1.0000
[DEBUG] get_state called, peak=1.0000
[DEBUG] get_state called, peak=1.0000
[DEBUG] get_state called, peak=1.0000
[DEBUG] get_state called, peak=1.0000
[DEBUG] get_state called, peak=1.0000
[DEBUG] get_state called, peak=1.0000
[DEBUG] get_state called, peak=1.0000
[DEBUG] get_state called, peak=0.9828
[DEBUG] get_config called, show_vu=true
[DEBUG] get_state called, peak=0.0705
[DEBUG] get_state called, peak=0.0419
[DEBUG] get_state called, peak=0.0231
[DEBUG] get_state called, peak=0.0236
[DEBUG] get_state called, peak=0.0212
[DEBUG] get_state called, peak=0.0222
[DEBUG] get_state called, peak=0.0219
[DEBUG] get_state called, peak=0.0221
[DEBUG] get_state called, peak=1.0000
[DEBUG] get_state called, peak=1.0000
[DEBUG] get_state called, peak=1.0000
[DEBUG] get_state called, peak=1.0000
[DEBUG] get_state called, peak=1.0000
[DEBUG] get_state called, peak=1.0000
[DEBUG] get_state called, peak=1.0000
[DEBUG] get_state called, peak=1.0000
[DEBUG] get_state called, peak=1.0000
[DEBUG] get_state called, peak=1.0000
[DEBUG] get_state called, peak=1.0000
[DEBUG] get_state called, peak=1.0000
[DEBUG] get_config called, show_vu=true
[DEBUG] get_state called, peak=0.1274
[DEBUG] get_state called, peak=0.0317
[DEBUG] get_state called, peak=0.0237
[DEBUG] get_state called, peak=0.0231
[DEBUG] get_state called, peak=0.0238
[DEBUG] get_state called, peak=1.0000
[DEBUG] get_state called, peak=1.0000
[DEBUG] get_state called, peak=1.0000
[DEBUG] get_state called, peak=1.0000
[DEBUG] get_state called, peak=1.0000
[DEBUG] get_state called, peak=1.0000
[DEBUG] get_state called, peak=1.0000
[DEBUG] get_state called, peak=1.0000
[DEBUG] get_state called, peak=0.1213
